[2017-11-02 12:25:03] ACTIONS.INFO: Init Action_browser3->index by 301 [] []
[2017-11-02 12:25:04] ACTIONS.INFO: FINISH OK Action_browser3->index by 301  [] []
[2017-11-02 12:25:04] ACTIONS.INFO: Init Action_composer->includeDinamicJs by 301 [] []
[2017-11-02 12:25:04] ACTIONS.INFO: FINISH OK Action_composer->includeDinamicJs by 301  [] []
[2017-11-02 12:25:04] ACTIONS.INFO: Init Action_browser3->getPreferences by 301 [] []
[2017-11-02 12:25:04] ACTIONS.INFO: FINISH OK Action_browser3->getPreferences by 301  [] []
[2017-11-02 12:25:04] ACTIONS.INFO: Init Action_browser3->getPreferences by 301 [] []
[2017-11-02 12:25:04] ACTIONS.INFO: FINISH OK Action_browser3->getPreferences by 301  [] []
[2017-11-02 12:25:04] ACTIONS.INFO: Init Action_composer->wconf by 301 [] []
[2017-11-02 12:25:04] ACTIONS.INFO: Init Action_searchpanel->template by 301 [] []
[2017-11-02 12:25:04] ACTIONS.INFO: Init Action_searchpanel->datastores by 301 [] []
[2017-11-02 12:25:04] ACTIONS.INFO: Init Action_browser3->read by 301 [] []
[2017-11-02 12:25:04] ACTIONS.INFO: Init Action_browser3->read by 301 [] []
[2017-11-02 12:25:05] ACTIONS.INFO: Init Action_moduleslist->readModules by 301 [] []
[2017-11-02 12:25:05] ACTIONS.INFO: FINISH OK Action_moduleslist->readModules by 301  [] []
[2017-11-02 12:25:05] ACTIONS.INFO: Init Action_welcome->index by 301 [] []
[2017-11-02 12:25:05] ACTIONS.INFO: FINISH OK Action_welcome->index by 301  [] []
[2017-11-02 12:25:05] ACTIONS.INFO: Init Action_browser3->nodetypes by 301 [] []
[2017-11-02 12:25:05] ACTIONS.INFO: Init Action_composer->nodetypes by 301 [] []
[2017-11-02 12:25:05] ACTIONS.INFO: Init Action_browser3->listFilters by 301 [] []
[2017-11-02 12:25:05] ACTIONS.INFO: FINISH OK Action_browser3->listFilters by 301  [] []
[2017-11-02 12:25:08] ACTIONS.INFO: Init Action_composer->getDefaultNode by 301 [] []
[2017-11-02 12:25:08] ACTIONS.INFO: FINISH OK Action_composer->getDefaultNode by 301  [] []
[2017-11-02 12:25:08] ACTIONS.INFO: Init Action_composer->getUserName by 301 [] []
[2017-11-02 12:25:08] ACTIONS.INFO: FINISH OK Action_composer->getUserName by 301  [] []
[2017-11-02 12:25:12] ACTIONS.INFO: Init Action_browser3->disableTour by 301 [] []
[2017-11-02 12:25:12] ACTIONS.INFO: FINISH OK Action_browser3->disableTour by 301  [] []
[2017-11-02 12:25:14] ACTIONS.INFO: Init Action_browser3->read by 301 [] []
[2017-11-02 12:43:20] ACTIONS.INFO: Init Action_login->index  [] []
[2017-11-02 12:43:20] ACTIONS.INFO: FINISH OK Action_login->index   [] []
[2017-11-02 12:43:21] ACTIONS.INFO: Init Action_login->check  [] []
[2017-11-02 12:43:21] ACTIONS.INFO: FINISH OK Action_login->check by 301  [] []
[2017-11-02 12:43:21] ACTIONS.INFO: Init Action_browser3->index by 301 [] []
[2017-11-02 12:43:21] ACTIONS.INFO: FINISH OK Action_browser3->index by 301  [] []
[2017-11-02 12:43:21] ACTIONS.INFO: Init Action_composer->includeDinamicJs by 301 [] []
[2017-11-02 12:43:21] ACTIONS.INFO: FINISH OK Action_composer->includeDinamicJs by 301  [] []
[2017-11-02 12:43:22] ACTIONS.INFO: Init Action_browser3->getPreferences by 301 [] []
[2017-11-02 12:43:22] ACTIONS.INFO: FINISH OK Action_browser3->getPreferences by 301  [] []
[2017-11-02 12:43:22] ACTIONS.INFO: Init Action_composer->wconf by 301 [] []
[2017-11-02 12:43:22] ACTIONS.INFO: Init Action_browser3->getPreferences by 301 [] []
[2017-11-02 12:43:22] ACTIONS.INFO: FINISH OK Action_browser3->getPreferences by 301  [] []
[2017-11-02 12:43:22] ACTIONS.INFO: Init Action_searchpanel->template by 301 [] []
[2017-11-02 12:43:22] ACTIONS.INFO: Init Action_searchpanel->datastores by 301 [] []
[2017-11-02 12:43:22] ACTIONS.INFO: Init Action_browser3->read by 301 [] []
[2017-11-02 12:43:22] ACTIONS.INFO: Init Action_browser3->read by 301 [] []
[2017-11-02 12:43:22] ACTIONS.INFO: Init Action_moduleslist->readModules by 301 [] []
[2017-11-02 12:43:22] ACTIONS.INFO: FINISH OK Action_moduleslist->readModules by 301  [] []
[2017-11-02 12:43:22] ACTIONS.INFO: Init Action_welcome->index by 301 [] []
[2017-11-02 12:43:22] ACTIONS.INFO: FINISH OK Action_welcome->index by 301  [] []
[2017-11-02 12:43:22] ACTIONS.INFO: Init Action_browser3->nodetypes by 301 [] []
[2017-11-02 12:43:22] ACTIONS.INFO: Init Action_composer->nodetypes by 301 [] []
[2017-11-02 12:43:22] ACTIONS.INFO: Init Action_browser3->listFilters by 301 [] []
[2017-11-02 12:43:22] ACTIONS.INFO: FINISH OK Action_browser3->listFilters by 301  [] []
[2017-11-02 12:43:25] ACTIONS.INFO: Init Action_composer->getUserName by 301 [] []
[2017-11-02 12:43:25] ACTIONS.INFO: FINISH OK Action_composer->getUserName by 301  [] []
[2017-11-02 12:43:25] ACTIONS.INFO: Init Action_composer->getDefaultNode by 301 [] []
[2017-11-02 12:43:25] ACTIONS.INFO: FINISH OK Action_composer->getDefaultNode by 301  [] []
[2017-11-02 12:43:26] ACTIONS.INFO: Init Action_browser3->read by 301 [] []
[2017-11-02 12:43:26] ACTIONS.INFO: Init Action_browser3->read by 301 [] []
[2017-11-02 12:43:26] ACTIONS.INFO: Init Action_browser3->read by 301 [] []
[2017-11-02 12:43:27] ACTIONS.INFO: Init Action_browser3->read by 301 [] []
[2017-11-02 12:43:27] ACTIONS.INFO: Init Action_browser3->cmenu by 301 [] []
[2017-11-02 12:43:27] ACTIONS.INFO: FINISH OK Action_browser3->cmenu by 301  [] []
[2017-11-02 12:43:27] ACTIONS.INFO: Init Action_workflow_forward->index by 301 [] []
[2017-11-02 12:43:27] ACTIONS.INFO: FINISH OK Action_workflow_forward->index by 301  [] []
[2017-11-02 12:43:28] ACTIONS.INFO: Init Action_composer->includeDinamicJs by 301 [] []
[2017-11-02 12:43:28] ACTIONS.INFO: FINISH OK Action_composer->includeDinamicJs by 301  [] []
[2017-11-02 12:43:28] ACTIONS.INFO: Init Action_workflow_forward->notificableUsers by 301 [] []
[2017-11-02 12:43:31] ACTIONS.INFO: Init Action_workflow_forward->publicateNode by 301 [] []
[2017-11-02 12:43:31] ACTIONS.INFO: FINISH OK Action_workflow_forward->publicateNode by 301  [] []
[2017-11-02 12:44:03] ACTIONS.INFO: Init Action_browser3->index by 301 [] []
[2017-11-02 12:44:03] ACTIONS.INFO: FINISH OK Action_browser3->index by 301  [] []
[2017-11-02 12:44:03] ACTIONS.INFO: Init Action_browser3->index by 301 [] []
[2017-11-02 12:44:04] ACTIONS.INFO: FINISH OK Action_browser3->index by 301  [] []
[2017-11-02 12:44:04] ACTIONS.INFO: Init Action_browser3->index by 301 [] []
[2017-11-02 12:44:04] ACTIONS.INFO: FINISH OK Action_browser3->index by 301  [] []
[2017-11-02 12:44:04] ACTIONS.INFO: Init Action_browser3->index by 301 [] []
[2017-11-02 12:44:04] ACTIONS.INFO: FINISH OK Action_browser3->index by 301  [] []
