[2017-11-02 12:44:00] SCHEDULER.INFO: Procesing serverFrame 1 [] []
[2017-11-02 12:44:00] SCHEDULER.WARNING: Property otf not found for node 10130 [] []
[2017-11-02 12:44:00] SCHEDULER.INFO: Procesing serverFrame 2 [] []
[2017-11-02 12:44:00] SCHEDULER.WARNING: Property otf not found for node 10132 [] []
[2017-11-02 12:44:00] SCHEDULER.INFO: Reconnection to database at db:3306 has been stablished correctly [] []
[2017-11-02 12:44:00] SCHEDULER.INFO: Reconnection to database at db:3306 has been stablished correctly [] []
[2017-11-02 12:44:00] SCHEDULER.WARNING: Property otf not found for node 10132 [] []
[2017-11-02 12:44:00] SCHEDULER.WARNING: Property otf not found for node 10130 [] []
[2017-11-02 12:44:00] SCHEDULER.WARNING: Property hybridColector not found for node 10132 [] []
[2017-11-02 12:44:00] SCHEDULER.WARNING: Property hybridColector not found for node 10130 [] []
[2017-11-02 12:44:00] SCHEDULER.INFO: PIPETRANSITION: View_Common time: 0.141144 [] []
[2017-11-02 12:44:00] SCHEDULER.INFO: PipeCache: Trying to store cache for version 103 transition 5 args Array (     [CHANNEL] =>      [SERVER] => 1     [DISABLE_CACHE] => 0     [TRANSFORMER] => xslt )  [] []
[2017-11-02 12:44:00] SCHEDULER.INFO: PipeCache: found cacheFile  [] []
[2017-11-02 12:44:00] SCHEDULER.INFO: PIPETRANSITION: View_NodeToRenderizedContent time: 20.263910 [] []
[2017-11-02 12:44:00] SCHEDULER.INFO: PipeCache: Trying to store cache for version 104 transition 1 args Array (     [CHANNEL] => 10001     [SERVER] => 1     [DISABLE_CACHE] => 0     [TRANSFORMER] => xslt )  [] []
[2017-11-02 12:44:00] SCHEDULER.INFO: PipeCache: found cacheFile  [] []
[2017-11-02 12:44:00] SCHEDULER.INFO: PIPETRANSITION: View_PrefilterMacros time: 0.198126 [] []
[2017-11-02 12:44:00] SCHEDULER.INFO: PipeCache: Trying to store cache for version 104 transition 2 args Array (     [CHANNEL] => 10001     [SERVER] => 1     [DISABLE_CACHE] => 0     [TRANSFORMER] => xslt )  [] []
[2017-11-02 12:44:00] SCHEDULER.INFO: PipeCache: found cacheFile  [] []
[2017-11-02 12:44:00] SCHEDULER.INFO: Starting xslt transformation [] []
[2017-11-02 12:44:00] SCHEDULER.INFO: Processing XML document with ID: 10132 and name: picasso-iden [] []
[2017-11-02 12:44:00] SCHEDULER.INFO: Loading XSL content from /var/www/html/data/nodes/Picasso/templates/docxap.xsl [] []
[2017-11-02 12:44:00] SCHEDULER.INFO: Replacing includes template with document node 10132 [] []
[2017-11-02 12:44:00] SCHEDULER.INFO: PIPETRANSITION: View_Transformer time: 50.025940 [] []
[2017-11-02 12:44:00] SCHEDULER.INFO: PipeCache: Trying to store cache for version 104 transition 3 args Array (     [CHANNEL] => 10001     [SERVER] => 1     [DISABLE_CACHE] => 0     [TRANSFORMER] => xslt )  [] []
[2017-11-02 12:44:00] SCHEDULER.INFO: PipeCache: found cacheFile  [] []
[2017-11-02 12:44:00] SCHEDULER.INFO: PIPETRANSITION: View_FilterMacros time: 2.364874 [] []
[2017-11-02 12:44:00] SCHEDULER.INFO: PipeCache: Trying to store cache for version 104 transition 4 args Array (     [CHANNEL] => 10001     [SERVER] => 1     [DISABLE_CACHE] => 0     [TRANSFORMER] => xslt )  [] []
[2017-11-02 12:44:00] SCHEDULER.INFO: PipeCache: found cacheFile  [] []
[2017-11-02 12:44:00] SCHEDULER.INFO: Encoding content to UTF-8 with server: 1 [] []
[2017-11-02 12:44:16] SCHEDULER.INFO: Ending up batch with id 1 [] []
