[2017-11-02 12:25:04] XMD.WARNING: There is no template for widget select [] []
[2017-11-02 12:25:04] XMD.WARNING: There is no template for widget select [] []
[2017-11-02 12:41:01] XMD.ERROR: Can't connect to database at db:3306 (SQLSTATE[HY000] [2002] php_network_getaddresses: getaddrinfo failed: Name or service not known) [] []
[2017-11-02 12:41:01] XMD.ERROR: Can't connect to database at db:3306 (SQLSTATE[HY000] [2002] php_network_getaddresses: getaddrinfo failed: Name or service not known) [] []
[2017-11-02 12:42:01] XMD.ERROR: Can't connect to database at db:3306 (SQLSTATE[HY000] [2002] php_network_getaddresses: getaddrinfo failed: Name or service not known) [] []
[2017-11-02 12:42:01] XMD.ERROR: Can't connect to database at db:3306 (SQLSTATE[HY000] [2002] php_network_getaddresses: getaddrinfo failed: Name or service not known) [] []
[2017-11-02 12:43:00] XMD.ERROR: ximSYNC module is not active, you must run syncronizer module  [] []
[2017-11-02 12:43:01] XMD.ERROR: ximSYNC module is not active, you must run syncronizer module  [] []
[2017-11-02 12:43:14] XMD.INFO: -- SQL constructor loaded [] []
[2017-11-02 12:43:14] XMD.INFO: Creating unexisting templates include xslt file at folder 10005 [] []
[2017-11-02 12:43:14] XMD.INFO: Making a relation between documents section and templates with section 10004 [] []
[2017-11-02 12:43:14] XMD.WARNING: The nodetype 5078 has no create action associated [] []
[2017-11-02 12:43:14] XMD.WARNING: The nodetype 5078 has no create action associated [] []
[2017-11-02 12:43:14] XMD.WARNING: The nodetype 5078 has no create action associated [] []
[2017-11-02 12:43:14] XMD.WARNING: The nodetype 5078 has no create action associated [] []
[2017-11-02 12:43:14] XMD.INFO: Importing rng-vista-picasso.xml [] []
[2017-11-02 12:43:14] XMD.WARNING: The nodetype 5077 has no create action associated [] []
[2017-11-02 12:43:14] XMD.INFO: Importing INCLUDE_metas.xsl [] []
[2017-11-02 12:43:14] XMD.WARNING: The nodetype 5077 has no create action associated [] []
[2017-11-02 12:43:14] XMD.INFO: Importing INCLUDE_styles.xsl [] []
[2017-11-02 12:43:14] XMD.WARNING: The nodetype 5077 has no create action associated [] []
[2017-11-02 12:43:14] XMD.INFO: Importing abstract.xsl [] []
[2017-11-02 12:43:14] XMD.WARNING: The nodetype 5077 has no create action associated [] []
[2017-11-02 12:43:14] XMD.INFO: Importing blockquote.xsl [] []
[2017-11-02 12:43:14] XMD.WARNING: The nodetype 5077 has no create action associated [] []
[2017-11-02 12:43:14] XMD.INFO: Importing cabecera_boletin.xsl [] []
[2017-11-02 12:43:14] XMD.WARNING: The nodetype 5077 has no create action associated [] []
[2017-11-02 12:43:14] XMD.INFO: Importing content_block.xsl [] []
[2017-11-02 12:43:14] XMD.WARNING: The nodetype 5077 has no create action associated [] []
[2017-11-02 12:43:14] XMD.INFO: Importing divider_block.xsl [] []
[2017-11-02 12:43:14] XMD.WARNING: The nodetype 5077 has no create action associated [] []
[2017-11-02 12:43:14] XMD.INFO: Importing docxap.xsl [] []
[2017-11-02 12:43:14] XMD.WARNING: The nodetype 5077 has no create action associated [] []
[2017-11-02 12:43:14] XMD.INFO: Importing enlace.xsl [] []
[2017-11-02 12:43:14] XMD.WARNING: The nodetype 5077 has no create action associated [] []
[2017-11-02 12:43:14] XMD.INFO: Importing extimage.xsl [] []
[2017-11-02 12:43:14] XMD.WARNING: The nodetype 5077 has no create action associated [] []
[2017-11-02 12:43:14] XMD.INFO: Importing extlink.xsl [] []
[2017-11-02 12:43:14] XMD.WARNING: The nodetype 5077 has no create action associated [] []
[2017-11-02 12:43:14] XMD.INFO: Importing fecha.xsl [] []
[2017-11-02 12:43:14] XMD.WARNING: The nodetype 5077 has no create action associated [] []
[2017-11-02 12:43:15] XMD.INFO: Importing footer_block.xsl [] []
[2017-11-02 12:43:15] XMD.WARNING: The nodetype 5077 has no create action associated [] []
[2017-11-02 12:43:15] XMD.INFO: Importing header_block.xsl [] []
[2017-11-02 12:43:15] XMD.WARNING: The nodetype 5077 has no create action associated [] []
[2017-11-02 12:43:15] XMD.INFO: Importing imagen.xsl [] []
[2017-11-02 12:43:15] XMD.WARNING: The nodetype 5077 has no create action associated [] []
[2017-11-02 12:43:15] XMD.INFO: Importing internal_link.xsl [] []
[2017-11-02 12:43:15] XMD.WARNING: The nodetype 5077 has no create action associated [] []
[2017-11-02 12:43:15] XMD.INFO: Importing item_block.xsl [] []
[2017-11-02 12:43:15] XMD.WARNING: The nodetype 5077 has no create action associated [] []
[2017-11-02 12:43:15] XMD.INFO: Importing item_body.xsl [] []
[2017-11-02 12:43:15] XMD.WARNING: The nodetype 5077 has no create action associated [] []
[2017-11-02 12:43:15] XMD.INFO: Importing item_metadata.xsl [] []
[2017-11-02 12:43:15] XMD.WARNING: The nodetype 5077 has no create action associated [] []
[2017-11-02 12:43:15] XMD.INFO: Importing item_title.xsl [] []
[2017-11-02 12:43:15] XMD.WARNING: The nodetype 5077 has no create action associated [] []
[2017-11-02 12:43:15] XMD.INFO: Importing link.xsl [] []
[2017-11-02 12:43:15] XMD.WARNING: The nodetype 5077 has no create action associated [] []
[2017-11-02 12:43:15] XMD.INFO: Importing list.xsl [] []
[2017-11-02 12:43:15] XMD.WARNING: The nodetype 5077 has no create action associated [] []
[2017-11-02 12:43:15] XMD.INFO: Importing list_item.xsl [] []
[2017-11-02 12:43:15] XMD.WARNING: The nodetype 5077 has no create action associated [] []
[2017-11-02 12:43:15] XMD.INFO: Importing navigation_block.xsl [] []
[2017-11-02 12:43:15] XMD.WARNING: The nodetype 5077 has no create action associated [] []
[2017-11-02 12:43:15] XMD.INFO: Importing page.xsl [] []
[2017-11-02 12:43:15] XMD.WARNING: The nodetype 5077 has no create action associated [] []
[2017-11-02 12:43:15] XMD.INFO: Importing paragraph.xsl [] []
[2017-11-02 12:43:15] XMD.WARNING: The nodetype 5077 has no create action associated [] []
[2017-11-02 12:43:15] XMD.INFO: Importing parrafo.xsl [] []
[2017-11-02 12:43:15] XMD.WARNING: The nodetype 5077 has no create action associated [] []
[2017-11-02 12:43:15] XMD.INFO: Importing pattern_block.xsl [] []
[2017-11-02 12:43:15] XMD.WARNING: The nodetype 5077 has no create action associated [] []
[2017-11-02 12:43:15] XMD.INFO: Importing post.xsl [] []
[2017-11-02 12:43:15] XMD.WARNING: The nodetype 5077 has no create action associated [] []
[2017-11-02 12:43:15] XMD.INFO: Importing post_title.xsl [] []
[2017-11-02 12:43:15] XMD.WARNING: The nodetype 5077 has no create action associated [] []
[2017-11-02 12:43:15] XMD.INFO: Importing related_info.xsl [] []
[2017-11-02 12:43:15] XMD.WARNING: The nodetype 5077 has no create action associated [] []
[2017-11-02 12:43:15] XMD.INFO: Importing related_info_element.xsl [] []
[2017-11-02 12:43:15] XMD.WARNING: The nodetype 5077 has no create action associated [] []
[2017-11-02 12:43:15] XMD.INFO: Importing spacer_block.xsl [] []
[2017-11-02 12:43:15] XMD.WARNING: The nodetype 5077 has no create action associated [] []
[2017-11-02 12:43:15] XMD.INFO: Importing subtitle.xsl [] []
[2017-11-02 12:43:15] XMD.WARNING: The nodetype 5077 has no create action associated [] []
[2017-11-02 12:43:15] XMD.INFO: Importing tag.xsl [] []
[2017-11-02 12:43:15] XMD.WARNING: The nodetype 5077 has no create action associated [] []
[2017-11-02 12:43:15] XMD.INFO: Importing title.xsl [] []
[2017-11-02 12:43:15] XMD.WARNING: The nodetype 5077 has no create action associated [] []
[2017-11-02 12:43:15] XMD.INFO: Importing top_block.xsl [] []
[2017-11-02 12:43:15] XMD.WARNING: The nodetype 5077 has no create action associated [] []
[2017-11-02 12:43:15] XMD.INFO: Importing treeselectorimage.xsl [] []
[2017-11-02 12:43:15] XMD.WARNING: The nodetype 5077 has no create action associated [] []
[2017-11-02 12:43:15] XMD.INFO: Importing ximlinkimage.xsl [] []
[2017-11-02 12:43:15] XMD.INFO: Creating unexisting templates include xslt file at folder 10056 [] []
[2017-11-02 12:43:15] XMD.INFO: Making a relation between documents section and templates with section 10004 [] []
[2017-11-02 12:43:15] XMD.INFO: Making a relation between documents section and templates with section 10052 [] []
[2017-11-02 12:43:15] XMD.INFO: Making a relation between metadata section and templates with node 10061 [] []
[2017-11-02 12:43:15] XMD.INFO: Server creation O.K. [] []
[2017-11-02 12:43:15] XMD.WARNING: The nodetype 5040 has no create action associated [] []
[2017-11-02 12:43:15] XMD.WARNING: The nodetype 5084 has no create action associated [] []
[2017-11-02 12:43:15] XMD.WARNING: The table has an auto-increment field, returning id field [] []
[2017-11-02 12:43:15] XMD.WARNING: The table has an auto-increment field, returning id field [] []
[2017-11-02 12:43:15] XMD.INFO: Container 10062-metadata has been successfully created [] []
[2017-11-02 12:43:15] XMD.INFO: SetContent for Node:10064, Version: 0.0, File: .483b9cf670d669a7d08c488ed9b79668, Chars: 253 [] []
[2017-11-02 12:43:15] XMD.INFO: SetContent for Node:10065, Version: 0.0, File: .1e707bbf2f4d51bd85d93eb7494bae76, Chars: 253 [] []
[2017-11-02 12:43:15] XMD.INFO: Importing bg.jpg [] []
[2017-11-02 12:43:15] XMD.WARNING: The nodetype 5040 has no create action associated [] []
[2017-11-02 12:43:15] XMD.WARNING: The nodetype 5084 has no create action associated [] []
[2017-11-02 12:43:15] XMD.WARNING: The table has an auto-increment field, returning id field [] []
[2017-11-02 12:43:15] XMD.WARNING: The table has an auto-increment field, returning id field [] []
[2017-11-02 12:43:15] XMD.INFO: Container 10066-metadata has been successfully created [] []
[2017-11-02 12:43:15] XMD.INFO: SetContent for Node:10068, Version: 0.0, File: .40833f87062efe220f3f08fb0cac627f, Chars: 253 [] []
[2017-11-02 12:43:15] XMD.INFO: SetContent for Node:10069, Version: 0.0, File: .f09eb0bd91bbd5f02365304414b376ed, Chars: 253 [] []
[2017-11-02 12:43:15] XMD.INFO: Importing bg_first-letter.png [] []
[2017-11-02 12:43:15] XMD.WARNING: The nodetype 5040 has no create action associated [] []
[2017-11-02 12:43:15] XMD.WARNING: The nodetype 5084 has no create action associated [] []
[2017-11-02 12:43:15] XMD.WARNING: The table has an auto-increment field, returning id field [] []
[2017-11-02 12:43:15] XMD.WARNING: The table has an auto-increment field, returning id field [] []
[2017-11-02 12:43:15] XMD.INFO: Container 10070-metadata has been successfully created [] []
[2017-11-02 12:43:15] XMD.INFO: SetContent for Node:10072, Version: 0.0, File: .210cf4f4ca755efabdcf086ec1016c19, Chars: 253 [] []
[2017-11-02 12:43:15] XMD.INFO: SetContent for Node:10073, Version: 0.0, File: .c5eaeb6aff4e0577bd406b3fbfec5814, Chars: 253 [] []
[2017-11-02 12:43:15] XMD.INFO: Importing bg_first-letters.png [] []
[2017-11-02 12:43:15] XMD.WARNING: The nodetype 5040 has no create action associated [] []
[2017-11-02 12:43:15] XMD.WARNING: The nodetype 5084 has no create action associated [] []
[2017-11-02 12:43:15] XMD.WARNING: The table has an auto-increment field, returning id field [] []
[2017-11-02 12:43:15] XMD.WARNING: The table has an auto-increment field, returning id field [] []
[2017-11-02 12:43:15] XMD.INFO: Container 10074-metadata has been successfully created [] []
[2017-11-02 12:43:15] XMD.INFO: SetContent for Node:10076, Version: 0.0, File: .f8b521af1d918f454c70d5924991aea6, Chars: 253 [] []
[2017-11-02 12:43:15] XMD.INFO: SetContent for Node:10077, Version: 0.0, File: .d662ce506c35a6c4fd4759076ad5b619, Chars: 253 [] []
[2017-11-02 12:43:15] XMD.INFO: Importing bg_image.png [] []
[2017-11-02 12:43:15] XMD.WARNING: The nodetype 5040 has no create action associated [] []
[2017-11-02 12:43:15] XMD.WARNING: The nodetype 5084 has no create action associated [] []
[2017-11-02 12:43:15] XMD.WARNING: The table has an auto-increment field, returning id field [] []
[2017-11-02 12:43:15] XMD.WARNING: The table has an auto-increment field, returning id field [] []
[2017-11-02 12:43:15] XMD.INFO: Container 10078-metadata has been successfully created [] []
[2017-11-02 12:43:15] XMD.INFO: SetContent for Node:10080, Version: 0.0, File: .f9c5a493b82eb2f9516f341bf54494d3, Chars: 253 [] []
[2017-11-02 12:43:15] XMD.INFO: SetContent for Node:10081, Version: 0.0, File: .0a1505685c0993390e9cce9061611d9d, Chars: 253 [] []
[2017-11-02 12:43:15] XMD.INFO: Importing bg_title.png [] []
[2017-11-02 12:43:15] XMD.WARNING: The nodetype 5040 has no create action associated [] []
[2017-11-02 12:43:15] XMD.WARNING: The nodetype 5084 has no create action associated [] []
[2017-11-02 12:43:15] XMD.WARNING: The table has an auto-increment field, returning id field [] []
[2017-11-02 12:43:15] XMD.WARNING: The table has an auto-increment field, returning id field [] []
[2017-11-02 12:43:15] XMD.INFO: Container 10082-metadata has been successfully created [] []
[2017-11-02 12:43:15] XMD.INFO: SetContent for Node:10084, Version: 0.0, File: .2ce7dccd7ba8e3b7791c7792f4b10757, Chars: 253 [] []
[2017-11-02 12:43:15] XMD.INFO: SetContent for Node:10085, Version: 0.0, File: .50f10ff2875811f476d9676e0f7e861a, Chars: 253 [] []
[2017-11-02 12:43:15] XMD.INFO: Importing bgcontainer.jpg [] []
[2017-11-02 12:43:15] XMD.WARNING: The nodetype 5040 has no create action associated [] []
[2017-11-02 12:43:16] XMD.WARNING: The nodetype 5084 has no create action associated [] []
[2017-11-02 12:43:16] XMD.WARNING: The table has an auto-increment field, returning id field [] []
[2017-11-02 12:43:16] XMD.WARNING: The table has an auto-increment field, returning id field [] []
[2017-11-02 12:43:16] XMD.INFO: Container 10086-metadata has been successfully created [] []
[2017-11-02 12:43:16] XMD.INFO: SetContent for Node:10088, Version: 0.0, File: .673f1059c613ffea5f5d659ba1afb904, Chars: 253 [] []
[2017-11-02 12:43:16] XMD.INFO: SetContent for Node:10089, Version: 0.0, File: .334b30715bd712405925790c5d4a804e, Chars: 253 [] []
[2017-11-02 12:43:16] XMD.INFO: Importing bgcontent.gif [] []
[2017-11-02 12:43:16] XMD.WARNING: The nodetype 5040 has no create action associated [] []
[2017-11-02 12:43:16] XMD.WARNING: The nodetype 5084 has no create action associated [] []
[2017-11-02 12:43:16] XMD.WARNING: The table has an auto-increment field, returning id field [] []
[2017-11-02 12:43:16] XMD.WARNING: The table has an auto-increment field, returning id field [] []
[2017-11-02 12:43:16] XMD.INFO: Container 10090-metadata has been successfully created [] []
[2017-11-02 12:43:16] XMD.INFO: SetContent for Node:10092, Version: 0.0, File: .04590b50d4433a14447c6c076c2326ab, Chars: 253 [] []
[2017-11-02 12:43:16] XMD.INFO: SetContent for Node:10093, Version: 0.0, File: .c19d338533d41bcd5adee3fd94b051dc, Chars: 253 [] []
[2017-11-02 12:43:16] XMD.INFO: Importing bgfooter.gif [] []
[2017-11-02 12:43:16] XMD.WARNING: The nodetype 5040 has no create action associated [] []
[2017-11-02 12:43:16] XMD.WARNING: The nodetype 5084 has no create action associated [] []
[2017-11-02 12:43:16] XMD.WARNING: The table has an auto-increment field, returning id field [] []
[2017-11-02 12:43:16] XMD.WARNING: The table has an auto-increment field, returning id field [] []
[2017-11-02 12:43:16] XMD.INFO: Container 10094-metadata has been successfully created [] []
[2017-11-02 12:43:16] XMD.INFO: SetContent for Node:10096, Version: 0.0, File: .34b4a2c703b0bc017d596a20623bcf31, Chars: 253 [] []
[2017-11-02 12:43:16] XMD.INFO: SetContent for Node:10097, Version: 0.0, File: .e1a5abf02ba222eb9b74e3c82b2d233a, Chars: 253 [] []
[2017-11-02 12:43:16] XMD.INFO: Importing bright_squares.png [] []
[2017-11-02 12:43:16] XMD.WARNING: The nodetype 5040 has no create action associated [] []
[2017-11-02 12:43:16] XMD.WARNING: The nodetype 5084 has no create action associated [] []
[2017-11-02 12:43:16] XMD.WARNING: The table has an auto-increment field, returning id field [] []
[2017-11-02 12:43:16] XMD.WARNING: The table has an auto-increment field, returning id field [] []
[2017-11-02 12:43:16] XMD.INFO: Container 10098-metadata has been successfully created [] []
[2017-11-02 12:43:16] XMD.INFO: SetContent for Node:10100, Version: 0.0, File: .ff5fddc6c93075d37a5264d8b2c86863, Chars: 253 [] []
[2017-11-02 12:43:16] XMD.INFO: SetContent for Node:10101, Version: 0.0, File: .a83f4a74fdd94b820d96a7a443f61abd, Chars: 253 [] []
[2017-11-02 12:43:16] XMD.INFO: Importing divider.gif [] []
[2017-11-02 12:43:16] XMD.WARNING: The nodetype 5040 has no create action associated [] []
[2017-11-02 12:43:16] XMD.WARNING: The nodetype 5084 has no create action associated [] []
[2017-11-02 12:43:16] XMD.WARNING: The table has an auto-increment field, returning id field [] []
[2017-11-02 12:43:16] XMD.WARNING: The table has an auto-increment field, returning id field [] []
[2017-11-02 12:43:16] XMD.INFO: Container 10102-metadata has been successfully created [] []
[2017-11-02 12:43:16] XMD.INFO: SetContent for Node:10104, Version: 0.0, File: .34861b24a5f62e7dcc2dfa19940eec9f, Chars: 253 [] []
[2017-11-02 12:43:16] XMD.INFO: SetContent for Node:10105, Version: 0.0, File: .e07aa66f762005b658461d39cb3b1004, Chars: 253 [] []
[2017-11-02 12:43:16] XMD.INFO: Importing gfx.jpg [] []
[2017-11-02 12:43:16] XMD.WARNING: The nodetype 5040 has no create action associated [] []
[2017-11-02 12:43:16] XMD.WARNING: The nodetype 5084 has no create action associated [] []
[2017-11-02 12:43:16] XMD.WARNING: The table has an auto-increment field, returning id field [] []
[2017-11-02 12:43:16] XMD.WARNING: The table has an auto-increment field, returning id field [] []
[2017-11-02 12:43:16] XMD.INFO: Container 10106-metadata has been successfully created [] []
[2017-11-02 12:43:16] XMD.INFO: SetContent for Node:10108, Version: 0.0, File: .da8895ace8c3217969a1ffa9397edffc, Chars: 253 [] []
[2017-11-02 12:43:16] XMD.INFO: SetContent for Node:10109, Version: 0.0, File: .99e6f6a7bf30702b71ca4a93ad93f49c, Chars: 253 [] []
[2017-11-02 12:43:16] XMD.INFO: Importing header.jpg [] []
[2017-11-02 12:43:16] XMD.WARNING: The nodetype 5040 has no create action associated [] []
[2017-11-02 12:43:16] XMD.WARNING: The nodetype 5084 has no create action associated [] []
[2017-11-02 12:43:16] XMD.WARNING: The table has an auto-increment field, returning id field [] []
[2017-11-02 12:43:16] XMD.WARNING: The table has an auto-increment field, returning id field [] []
[2017-11-02 12:43:16] XMD.INFO: Container 10110-metadata has been successfully created [] []
[2017-11-02 12:43:16] XMD.INFO: SetContent for Node:10112, Version: 0.0, File: .e4455362677fe1ad6aafe50694e5d1a5, Chars: 253 [] []
[2017-11-02 12:43:16] XMD.INFO: SetContent for Node:10113, Version: 0.0, File: .f91acc927abd9584201effbb489850b8, Chars: 253 [] []
[2017-11-02 12:43:16] XMD.INFO: Importing header.png [] []
[2017-11-02 12:43:16] XMD.WARNING: The nodetype 5040 has no create action associated [] []
[2017-11-02 12:43:16] XMD.WARNING: The nodetype 5084 has no create action associated [] []
[2017-11-02 12:43:16] XMD.WARNING: The table has an auto-increment field, returning id field [] []
[2017-11-02 12:43:16] XMD.WARNING: The table has an auto-increment field, returning id field [] []
[2017-11-02 12:43:16] XMD.INFO: Container 10114-metadata has been successfully created [] []
[2017-11-02 12:43:16] XMD.INFO: SetContent for Node:10116, Version: 0.0, File: .dde1c48d1b6c838d62d0f96e0317aa7b, Chars: 253 [] []
[2017-11-02 12:43:16] XMD.INFO: SetContent for Node:10117, Version: 0.0, File: .34009f7a6da76c5180bb8c8e18064b0f, Chars: 253 [] []
[2017-11-02 12:43:16] XMD.INFO: Importing pattern.gif [] []
[2017-11-02 12:43:16] XMD.WARNING: The nodetype 5040 has no create action associated [] []
[2017-11-02 12:43:16] XMD.WARNING: The nodetype 5084 has no create action associated [] []
[2017-11-02 12:43:16] XMD.WARNING: The table has an auto-increment field, returning id field [] []
[2017-11-02 12:43:16] XMD.WARNING: The table has an auto-increment field, returning id field [] []
[2017-11-02 12:43:16] XMD.INFO: Container 10118-metadata has been successfully created [] []
[2017-11-02 12:43:16] XMD.INFO: SetContent for Node:10120, Version: 0.0, File: .809f35e9b5084a7bccb3afd9e545f49c, Chars: 253 [] []
[2017-11-02 12:43:16] XMD.INFO: SetContent for Node:10121, Version: 0.0, File: .80a6c9620f4d88852b7104705027c774, Chars: 253 [] []
[2017-11-02 12:43:16] XMD.INFO: Importing quote.gif [] []
[2017-11-02 12:43:16] XMD.WARNING: The nodetype 5040 has no create action associated [] []
[2017-11-02 12:43:16] XMD.WARNING: The nodetype 5084 has no create action associated [] []
[2017-11-02 12:43:16] XMD.WARNING: The table has an auto-increment field, returning id field [] []
[2017-11-02 12:43:16] XMD.WARNING: The table has an auto-increment field, returning id field [] []
[2017-11-02 12:43:16] XMD.INFO: Container 10122-metadata has been successfully created [] []
[2017-11-02 12:43:16] XMD.INFO: SetContent for Node:10124, Version: 0.0, File: .f0af7be1f122d7f38a1b291dd3e678b2, Chars: 253 [] []
[2017-11-02 12:43:16] XMD.INFO: SetContent for Node:10125, Version: 0.0, File: .385e1a916e06d61035e58ce92c496902, Chars: 253 [] []
[2017-11-02 12:43:16] XMD.INFO: Importing stripes.gif [] []
[2017-11-02 12:43:16] XMD.WARNING: The nodetype 5040 has no create action associated [] []
[2017-11-02 12:43:16] XMD.WARNING: The nodetype 5084 has no create action associated [] []
[2017-11-02 12:43:16] XMD.WARNING: The table has an auto-increment field, returning id field [] []
[2017-11-02 12:43:16] XMD.WARNING: The table has an auto-increment field, returning id field [] []
[2017-11-02 12:43:16] XMD.INFO: Container 10126-metadata has been successfully created [] []
[2017-11-02 12:43:16] XMD.INFO: SetContent for Node:10128, Version: 0.0, File: .81c7efee240e70d376a99387748506e1, Chars: 253 [] []
[2017-11-02 12:43:16] XMD.INFO: SetContent for Node:10129, Version: 0.0, File: .08a084fa73806307935ced52ab78ede6, Chars: 253 [] []
[2017-11-02 12:43:16] XMD.INFO: Importing stripes_1.gif [] []
[2017-11-02 12:43:16] XMD.WARNING: The nodetype 5028 has no create action associated [] []
[2017-11-02 12:43:16] XMD.INFO: Importing default.css [] []
[2017-11-02 12:43:16] XMD.WARNING: The table has an auto-increment field, returning id field [] []
[2017-11-02 12:43:16] XMD.INFO: Building DepTypes array. [] []
[2017-11-02 12:43:16] XMD.INFO: PipeCache: Previous cache not found for IdVersion 104, IdTransition 3, arguments Array (     [CHANNEL] => 10001     [TRANSFORMER] => xslt )  [] []
[2017-11-02 12:43:16] XMD.INFO: PipeCache: Previous cache not found for IdVersion 104, IdTransition 2, arguments Array (     [CHANNEL] => 10001     [TRANSFORMER] => xslt )  [] []
[2017-11-02 12:43:16] XMD.INFO: PipeCache: Previous cache not found for IdVersion 104, IdTransition 1, arguments Array (     [CHANNEL] => 10001     [TRANSFORMER] => xslt )  [] []
[2017-11-02 12:43:16] XMD.INFO: PIPETRANSITION: View_NodeToRenderizedContent time: 6.124020 [] []
[2017-11-02 12:43:16] XMD.INFO: PipeCache: Trying to store cache for version 104 transition 1 args Array (     [CHANNEL] => 10001     [TRANSFORMER] => xslt )  [] []
[2017-11-02 12:43:16] XMD.INFO: PipeCache: found cacheFile  [] []
[2017-11-02 12:43:16] XMD.INFO: PIPETRANSITION: View_PrefilterMacros time: 0.189066 [] []
[2017-11-02 12:43:16] XMD.INFO: PipeCache: Trying to store cache for version 104 transition 2 args Array (     [CHANNEL] => 10001     [TRANSFORMER] => xslt )  [] []
[2017-11-02 12:43:16] XMD.INFO: PipeCache: found cacheFile  [] []
[2017-11-02 12:43:16] XMD.INFO: Starting xslt transformation [] []
[2017-11-02 12:43:16] XMD.INFO: Processing XML document with ID: 10132 and name: picasso-iden [] []
[2017-11-02 12:43:16] XMD.INFO: Loading XSL content from /var/www/html/data/nodes/Picasso/templates/docxap.xsl [] []
[2017-11-02 12:43:16] XMD.INFO: Replacing includes template with document node 10132 [] []
[2017-11-02 12:43:16] XMD.INFO: Checking if the local templates_include.xsl is empty to reload its content [] []
[2017-11-02 12:43:16] XMD.INFO: XSL templates file: http://ximdex/data/nodes/Picasso/Picasso_Server/templates/templates_include.xsl is empty; trying to reload the templates files in the project ID: 10004 [] []
[2017-11-02 12:43:17] XMD.INFO: PIPETRANSITION: View_Transformer time: 84.926844 [] []
[2017-11-02 12:43:17] XMD.INFO: PipeCache: Trying to store cache for version 104 transition 3 args Array (     [CHANNEL] => 10001     [TRANSFORMER] => xslt )  [] []
[2017-11-02 12:43:17] XMD.INFO: PipeCache: found cacheFile  [] []
[2017-11-02 12:43:17] XMD.INFO: SetContent for Node:10132, Version: 0.0, File: .7171e56e43e9bbad9331985986a618a3, Chars: 7862 [] []
[2017-11-02 12:43:17] XMD.INFO: PipeCache: Cache was correctly estimated for a previous version. Version: 104 Transition: 3 [] []
[2017-11-02 12:43:17] XMD.WARNING: The table has an auto-increment field, returning id field [] []
[2017-11-02 12:43:17] XMD.INFO: PipeCache: Previous cache not found for IdVersion 107, IdTransition 3, arguments Array (     [CHANNEL] => 10001     [TRANSFORMER] => xslt )  [] []
[2017-11-02 12:43:17] XMD.INFO: PipeCache: Previous cache not found for IdVersion 107, IdTransition 2, arguments Array (     [CHANNEL] => 10001     [TRANSFORMER] => xslt )  [] []
[2017-11-02 12:43:17] XMD.INFO: PipeCache: Previous cache not found for IdVersion 107, IdTransition 1, arguments Array (     [CHANNEL] => 10001     [TRANSFORMER] => xslt )  [] []
[2017-11-02 12:43:17] XMD.INFO: PIPETRANSITION: View_NodeToRenderizedContent time: 5.394936 [] []
[2017-11-02 12:43:17] XMD.INFO: PipeCache: Trying to store cache for version 107 transition 1 args Array (     [CHANNEL] => 10001     [TRANSFORMER] => xslt )  [] []
[2017-11-02 12:43:17] XMD.INFO: PipeCache: found cacheFile  [] []
[2017-11-02 12:43:17] XMD.INFO: PIPETRANSITION: View_PrefilterMacros time: 0.084877 [] []
[2017-11-02 12:43:17] XMD.INFO: PipeCache: Trying to store cache for version 107 transition 2 args Array (     [CHANNEL] => 10001     [TRANSFORMER] => xslt )  [] []
[2017-11-02 12:43:17] XMD.INFO: PipeCache: found cacheFile  [] []
[2017-11-02 12:43:17] XMD.INFO: Starting xslt transformation [] []
[2017-11-02 12:43:17] XMD.INFO: Processing XML document with ID: 10134 and name: sevilla-iden [] []
[2017-11-02 12:43:17] XMD.INFO: Loading XSL content from /var/www/html/data/nodes/Picasso/templates/docxap.xsl [] []
[2017-11-02 12:43:17] XMD.INFO: Replacing includes template with document node 10134 [] []
[2017-11-02 12:43:17] XMD.INFO: PIPETRANSITION: View_Transformer time: 22.722006 [] []
[2017-11-02 12:43:17] XMD.INFO: PipeCache: Trying to store cache for version 107 transition 3 args Array (     [CHANNEL] => 10001     [TRANSFORMER] => xslt )  [] []
[2017-11-02 12:43:17] XMD.INFO: PipeCache: found cacheFile  [] []
[2017-11-02 12:43:17] XMD.INFO: SetContent for Node:10134, Version: 0.0, File: .7bbeb7c1984041edc6f6f906cf1a4564, Chars: 6897 [] []
[2017-11-02 12:43:17] XMD.INFO: PipeCache: Cache was correctly estimated for a previous version. Version: 107 Transition: 3 [] []
[2017-11-02 12:43:17] XMD.INFO: -- SQL constructor loaded [] []
[2017-11-02 12:43:17] XMD.INFO: -- SQL constructor loaded [] []
[2017-11-02 12:43:17] XMD.INFO: -- SQL constructor loaded [] []
[2017-11-02 12:43:17] XMD.INFO: Module_ximPUBLISHtools enable [] []
[2017-11-02 12:43:17] XMD.INFO: Module_ximPUBLISHtools enabled successfully [] []
[2017-11-02 12:43:17] XMD.INFO: -- SQL constructor loaded [] []
[2017-11-02 12:43:19] XMD.INFO: -- SQL constructor loaded [] []
[2017-11-02 12:43:20] XMD.INFO: -- SQL constructor loaded [] []
[2017-11-02 12:43:22] XMD.WARNING: There is no template for widget select [] []
[2017-11-02 12:43:22] XMD.WARNING: There is no template for widget select [] []
[2017-11-02 12:43:27] XMD.WARNING: Value for frameID variable is needed in GetDateDownOnFrame method [] []
[2017-11-02 12:43:31] XMD.INFO: ADDSECTION publicateNode PRE [] []
[2017-11-02 12:43:31] XMD.INFO: ADDSECTION publicateNode sendToPublish parent [] []
[2017-11-02 12:43:31] XMD.INFO: Stablishing PUSH [] []
[2017-11-02 12:43:31] XMD.INFO: ADDSECTION sendToPublish pre render [] []
[2017-11-02 12:43:31] XMD.INFO: ADDSECTION sendToPublish pre render if [] []
[2017-11-02 12:43:31] XMD.INFO: ADDSECTION sendToPublish pre render else value: Array (     [options] => Array         (             [ok] =>  were successfully published             [notok] =>  were not published, due to some error along the process             [unchanged] =>  were not published because they are already published in its latest version         )      [result] => Array         (         )      [messages] => Array         (             [0] => Array                 (                     [message] => State has been successfully changed                     [type] => 2                 )          )  )  [] []
[2017-11-02 12:44:01] XMD.INFO: Start pumper demond 1509623041 [] []
[2017-11-02 12:44:01] XMD.INFO: STARTING PUMPER CYCLE. [] []
[2017-11-02 12:44:01] XMD.INFO: 1 nodes for pumping [] []
[2017-11-02 12:44:01] XMD.INFO: ServerFrame 1 to proccess. [] []
[2017-11-02 12:44:01] XMD.INFO: ServerFrame 1 DU2IN: upload as hidden file  [] []
[2017-11-02 12:44:01] XMD.INFO: Copying /var/www/html/data/sync/serverframes/1 in /var/www/html/data/previos//css.1_default.css [] []
[2017-11-02 12:44:01] XMD.ERROR: Could not find the base folder: /var/www/html/data/previos/ [] []
[2017-11-02 12:44:01] XMD.INFO: Processing 1 [] []
[2017-11-02 12:44:01] XMD.INFO: STARTING PUMPER CYCLE. [] []
[2017-11-02 12:44:01] XMD.INFO: 1 nodes for pumping [] []
[2017-11-02 12:44:01] XMD.INFO: ServerFrame 2 to proccess. [] []
[2017-11-02 12:44:01] XMD.INFO: ServerFrame 2 DU2IN: upload as hidden file  [] []
[2017-11-02 12:44:01] XMD.INFO: Copying /var/www/html/data/sync/serverframes/2 in /var/www/html/data/previos//.2_picasso-iden-idhtml.html [] []
[2017-11-02 12:44:01] XMD.INFO: Processing 2 [] []
[2017-11-02 12:44:01] XMD.INFO: STARTING PUMPER CYCLE. [] []
[2017-11-02 12:44:01] XMD.INFO: 0 nodes for pumping [] []
[2017-11-02 12:44:01] XMD.INFO: Start pumper demond 1509623041 [] []
[2017-11-02 12:44:01] XMD.INFO: STARTING PUMPER CYCLE. [] []
[2017-11-02 12:44:01] XMD.INFO: 1 nodes for pumping [] []
[2017-11-02 12:44:01] XMD.INFO: ServerFrame 1 to proccess. [] []
[2017-11-02 12:44:01] XMD.INFO: ServerFrame 1 PUMPING  [] []
[2017-11-02 12:44:01] XMD.INFO: ServerFrame 1 Rename hidden file to final file  [] []
[2017-11-02 12:44:01] XMD.INFO: 2 files to rename  [] []
[2017-11-02 12:44:01] XMD.INFO: RenameFile [/var/www/html/data/previos//css] /var/www/html/data/previos//css/.1_default.css -> default.css  [] []
[2017-11-02 12:44:01] XMD.INFO: RenameFile [/var/www/html/data/previos//] /var/www/html/data/previos///.2_picasso-iden-idhtml.html -> picasso-iden-idhtml.html  [] []
[2017-11-02 12:44:01] XMD.INFO: STARTING PUMPER CYCLE. [] []
[2017-11-02 12:44:01] XMD.INFO: 0 nodes for pumping [] []
[2017-11-02 12:44:01] XMD.ERROR: Can't connect to database at db:3306 (SQLSTATE[HY000] [2002] php_network_getaddresses: getaddrinfo failed: Name or service not known) [] []
[2017-11-02 12:44:01] XMD.ERROR: Can't connect to database at db:3306 (SQLSTATE[HY000] [2002] php_network_getaddresses: getaddrinfo failed: Name or service not known) [] []
[2017-11-02 12:44:02] XMD.INFO: Start pumper demond 1509623042 [] []
[2017-11-02 12:44:02] XMD.INFO: STARTING PUMPER CYCLE. [] []
[2017-11-02 12:44:02] XMD.INFO: 0 nodes for pumping [] []
[2017-11-02 12:44:02] XMD.INFO: Start pumper demond 1509623042 [] []
[2017-11-02 12:44:02] XMD.INFO: STARTING PUMPER CYCLE. [] []
[2017-11-02 12:44:02] XMD.INFO: 0 nodes for pumping [] []
[2017-11-02 12:44:02] XMD.INFO: Start pumper demond 1509623042 [] []
[2017-11-02 12:44:02] XMD.INFO: STARTING PUMPER CYCLE. [] []
[2017-11-02 12:44:02] XMD.INFO: 0 nodes for pumping [] []
[2017-11-02 12:44:02] XMD.INFO: Start pumper demond 1509623042 [] []
[2017-11-02 12:44:02] XMD.INFO: Start pumper demond 1509623042 [] []
[2017-11-02 12:44:02] XMD.INFO: STARTING PUMPER CYCLE. [] []
[2017-11-02 12:44:02] XMD.INFO: STARTING PUMPER CYCLE. [] []
[2017-11-02 12:44:02] XMD.INFO: 0 nodes for pumping [] []
[2017-11-02 12:44:02] XMD.INFO: 0 nodes for pumping [] []
[2017-11-02 12:44:02] XMD.INFO: Start pumper demond 1509623042 [] []
[2017-11-02 12:44:02] XMD.INFO: STARTING PUMPER CYCLE. [] []
[2017-11-02 12:44:02] XMD.INFO: Start pumper demond 1509623042 [] []
[2017-11-02 12:44:02] XMD.INFO: 0 nodes for pumping [] []
[2017-11-02 12:44:02] XMD.INFO: STARTING PUMPER CYCLE. [] []
[2017-11-02 12:44:02] XMD.INFO: 0 nodes for pumping [] []
[2017-11-02 12:44:02] XMD.INFO: Start pumper demond 1509623042 [] []
[2017-11-02 12:44:02] XMD.INFO: STARTING PUMPER CYCLE. [] []
[2017-11-02 12:44:02] XMD.INFO: 0 nodes for pumping [] []
[2017-11-02 12:44:02] XMD.INFO: Start pumper demond 1509623042 [] []
[2017-11-02 12:44:02] XMD.INFO: STARTING PUMPER CYCLE. [] []
[2017-11-02 12:44:02] XMD.INFO: 0 nodes for pumping [] []
[2017-11-02 12:44:02] XMD.INFO: Start pumper demond 1509623042 [] []
[2017-11-02 12:44:02] XMD.INFO: STARTING PUMPER CYCLE. [] []
[2017-11-02 12:44:02] XMD.INFO: 0 nodes for pumping [] []
[2017-11-02 12:44:03] XMD.INFO: cycle 1 without working. Sleeeping..... [] []
[2017-11-02 12:44:03] XMD.INFO: PUMPER CYCLE [] []
[2017-11-02 12:44:03] XMD.INFO: 0 nodes for pumping [] []
[2017-11-02 12:44:03] XMD.INFO: cycle 1 without working. Sleeeping..... [] []
[2017-11-02 12:44:03] XMD.INFO: PUMPER CYCLE [] []
[2017-11-02 12:44:03] XMD.INFO: 0 nodes for pumping [] []
[2017-11-02 12:44:04] XMD.INFO: cycle 1 without working. Sleeeping..... [] []
[2017-11-02 12:44:04] XMD.INFO: PUMPER CYCLE [] []
[2017-11-02 12:44:04] XMD.INFO: 0 nodes for pumping [] []
[2017-11-02 12:44:04] XMD.INFO: cycle 1 without working. Sleeeping..... [] []
[2017-11-02 12:44:04] XMD.INFO: PUMPER CYCLE [] []
[2017-11-02 12:44:04] XMD.INFO: 0 nodes for pumping [] []
[2017-11-02 12:44:04] XMD.INFO: cycle 1 without working. Sleeeping..... [] []
[2017-11-02 12:44:04] XMD.INFO: PUMPER CYCLE [] []
[2017-11-02 12:44:04] XMD.INFO: 0 nodes for pumping [] []
[2017-11-02 12:44:04] XMD.INFO: cycle 1 without working. Sleeeping..... [] []
[2017-11-02 12:44:04] XMD.INFO: PUMPER CYCLE [] []
[2017-11-02 12:44:04] XMD.INFO: 0 nodes for pumping [] []
[2017-11-02 12:44:04] XMD.INFO: cycle 1 without working. Sleeeping..... [] []
[2017-11-02 12:44:04] XMD.INFO: PUMPER CYCLE [] []
[2017-11-02 12:44:04] XMD.INFO: 0 nodes for pumping [] []
[2017-11-02 12:44:04] XMD.INFO: cycle 1 without working. Sleeeping..... [] []
[2017-11-02 12:44:04] XMD.INFO: PUMPER CYCLE [] []
[2017-11-02 12:44:04] XMD.INFO: cycle 1 without working. Sleeeping..... [] []
[2017-11-02 12:44:04] XMD.INFO: PUMPER CYCLE [] []
[2017-11-02 12:44:04] XMD.INFO: 0 nodes for pumping [] []
[2017-11-02 12:44:04] XMD.INFO: 0 nodes for pumping [] []
[2017-11-02 12:44:04] XMD.INFO: cycle 1 without working. Sleeeping..... [] []
[2017-11-02 12:44:04] XMD.INFO: PUMPER CYCLE [] []
[2017-11-02 12:44:04] XMD.INFO: 0 nodes for pumping [] []
[2017-11-02 12:44:04] XMD.INFO: cycle 1 without working. Sleeeping..... [] []
[2017-11-02 12:44:04] XMD.INFO: PUMPER CYCLE [] []
[2017-11-02 12:44:04] XMD.INFO: 0 nodes for pumping [] []
[2017-11-02 12:44:04] XMD.INFO: cycle 1 without working. Sleeeping..... [] []
[2017-11-02 12:44:04] XMD.INFO: PUMPER CYCLE [] []
[2017-11-02 12:44:04] XMD.INFO: 0 nodes for pumping [] []
[2017-11-02 12:44:05] XMD.INFO: cycle 2 without working. Sleeeping..... [] []
[2017-11-02 12:44:05] XMD.INFO: PUMPER CYCLE [] []
[2017-11-02 12:44:05] XMD.INFO: 0 nodes for pumping [] []
[2017-11-02 12:44:05] XMD.INFO: cycle 2 without working. Sleeeping..... [] []
[2017-11-02 12:44:05] XMD.INFO: PUMPER CYCLE [] []
[2017-11-02 12:44:05] XMD.INFO: 0 nodes for pumping [] []
[2017-11-02 12:44:06] XMD.INFO: cycle 2 without working. Sleeeping..... [] []
[2017-11-02 12:44:06] XMD.INFO: PUMPER CYCLE [] []
[2017-11-02 12:44:06] XMD.INFO: 0 nodes for pumping [] []
[2017-11-02 12:44:06] XMD.INFO: cycle 2 without working. Sleeeping..... [] []
[2017-11-02 12:44:06] XMD.INFO: PUMPER CYCLE [] []
[2017-11-02 12:44:06] XMD.INFO: 0 nodes for pumping [] []
[2017-11-02 12:44:06] XMD.INFO: cycle 2 without working. Sleeeping..... [] []
[2017-11-02 12:44:06] XMD.INFO: PUMPER CYCLE [] []
[2017-11-02 12:44:06] XMD.INFO: 0 nodes for pumping [] []
[2017-11-02 12:44:06] XMD.INFO: cycle 2 without working. Sleeeping..... [] []
[2017-11-02 12:44:06] XMD.INFO: PUMPER CYCLE [] []
[2017-11-02 12:44:06] XMD.INFO: cycle 2 without working. Sleeeping..... [] []
[2017-11-02 12:44:06] XMD.INFO: PUMPER CYCLE [] []
[2017-11-02 12:44:06] XMD.INFO: 0 nodes for pumping [] []
[2017-11-02 12:44:06] XMD.INFO: 0 nodes for pumping [] []
[2017-11-02 12:44:06] XMD.INFO: cycle 2 without working. Sleeeping..... [] []
[2017-11-02 12:44:06] XMD.INFO: cycle 2 without working. Sleeeping..... [] []
[2017-11-02 12:44:06] XMD.INFO: PUMPER CYCLE [] []
[2017-11-02 12:44:06] XMD.INFO: PUMPER CYCLE [] []
[2017-11-02 12:44:06] XMD.INFO: 0 nodes for pumping [] []
[2017-11-02 12:44:06] XMD.INFO: 0 nodes for pumping [] []
[2017-11-02 12:44:06] XMD.INFO: cycle 2 without working. Sleeeping..... [] []
[2017-11-02 12:44:06] XMD.INFO: PUMPER CYCLE [] []
[2017-11-02 12:44:06] XMD.INFO: 0 nodes for pumping [] []
[2017-11-02 12:44:06] XMD.INFO: cycle 2 without working. Sleeeping..... [] []
[2017-11-02 12:44:06] XMD.INFO: PUMPER CYCLE [] []
[2017-11-02 12:44:06] XMD.INFO: 0 nodes for pumping [] []
[2017-11-02 12:44:06] XMD.INFO: cycle 2 without working. Sleeeping..... [] []
[2017-11-02 12:44:06] XMD.INFO: PUMPER CYCLE [] []
[2017-11-02 12:44:06] XMD.INFO: 0 nodes for pumping [] []
[2017-11-02 12:44:07] XMD.INFO: cycle 3 without working. Sleeeping..... [] []
[2017-11-02 12:44:07] XMD.INFO: PUMPER CYCLE [] []
[2017-11-02 12:44:07] XMD.INFO: 0 nodes for pumping [] []
[2017-11-02 12:44:07] XMD.INFO: cycle 3 without working. Sleeeping..... [] []
[2017-11-02 12:44:07] XMD.INFO: PUMPER CYCLE [] []
[2017-11-02 12:44:07] XMD.INFO: 0 nodes for pumping [] []
[2017-11-02 12:44:08] XMD.INFO: cycle 3 without working. Sleeeping..... [] []
[2017-11-02 12:44:08] XMD.INFO: PUMPER CYCLE [] []
[2017-11-02 12:44:08] XMD.INFO: 0 nodes for pumping [] []
[2017-11-02 12:44:08] XMD.INFO: cycle 3 without working. Sleeeping..... [] []
[2017-11-02 12:44:08] XMD.INFO: PUMPER CYCLE [] []
[2017-11-02 12:44:08] XMD.INFO: 0 nodes for pumping [] []
[2017-11-02 12:44:08] XMD.INFO: cycle 3 without working. Sleeeping..... [] []
[2017-11-02 12:44:08] XMD.INFO: PUMPER CYCLE [] []
[2017-11-02 12:44:08] XMD.INFO: 0 nodes for pumping [] []
[2017-11-02 12:44:08] XMD.INFO: cycle 3 without working. Sleeeping..... [] []
[2017-11-02 12:44:08] XMD.INFO: cycle 3 without working. Sleeeping..... [] []
[2017-11-02 12:44:08] XMD.INFO: PUMPER CYCLE [] []
[2017-11-02 12:44:08] XMD.INFO: PUMPER CYCLE [] []
[2017-11-02 12:44:08] XMD.INFO: 0 nodes for pumping [] []
[2017-11-02 12:44:08] XMD.INFO: 0 nodes for pumping [] []
[2017-11-02 12:44:08] XMD.INFO: cycle 3 without working. Sleeeping..... [] []
[2017-11-02 12:44:08] XMD.INFO: PUMPER CYCLE [] []
[2017-11-02 12:44:08] XMD.INFO: cycle 3 without working. Sleeeping..... [] []
[2017-11-02 12:44:08] XMD.INFO: PUMPER CYCLE [] []
[2017-11-02 12:44:08] XMD.INFO: 0 nodes for pumping [] []
[2017-11-02 12:44:08] XMD.INFO: 0 nodes for pumping [] []
[2017-11-02 12:44:08] XMD.INFO: cycle 3 without working. Sleeeping..... [] []
[2017-11-02 12:44:08] XMD.INFO: PUMPER CYCLE [] []
[2017-11-02 12:44:08] XMD.INFO: 0 nodes for pumping [] []
[2017-11-02 12:44:08] XMD.INFO: cycle 3 without working. Sleeeping..... [] []
[2017-11-02 12:44:08] XMD.INFO: PUMPER CYCLE [] []
[2017-11-02 12:44:08] XMD.INFO: 0 nodes for pumping [] []
[2017-11-02 12:44:08] XMD.INFO: cycle 3 without working. Sleeeping..... [] []
[2017-11-02 12:44:08] XMD.INFO: PUMPER CYCLE [] []
[2017-11-02 12:44:08] XMD.INFO: 0 nodes for pumping [] []
[2017-11-02 12:44:09] XMD.INFO: cycle 4 without working. Sleeeping..... [] []
[2017-11-02 12:44:09] XMD.INFO: PUMPER CYCLE [] []
[2017-11-02 12:44:09] XMD.INFO: 0 nodes for pumping [] []
[2017-11-02 12:44:09] XMD.INFO: cycle 4 without working. Sleeeping..... [] []
[2017-11-02 12:44:09] XMD.INFO: PUMPER CYCLE [] []
[2017-11-02 12:44:09] XMD.INFO: 0 nodes for pumping [] []
[2017-11-02 12:44:10] XMD.INFO: cycle 4 without working. Sleeeping..... [] []
[2017-11-02 12:44:10] XMD.INFO: PUMPER CYCLE [] []
[2017-11-02 12:44:10] XMD.INFO: cycle 4 without working. Sleeeping..... [] []
[2017-11-02 12:44:10] XMD.INFO: PUMPER CYCLE [] []
[2017-11-02 12:44:10] XMD.INFO: 0 nodes for pumping [] []
[2017-11-02 12:44:10] XMD.INFO: 0 nodes for pumping [] []
[2017-11-02 12:44:10] XMD.INFO: cycle 4 without working. Sleeeping..... [] []
[2017-11-02 12:44:10] XMD.INFO: PUMPER CYCLE [] []
[2017-11-02 12:44:10] XMD.INFO: 0 nodes for pumping [] []
[2017-11-02 12:44:10] XMD.INFO: cycle 4 without working. Sleeeping..... [] []
[2017-11-02 12:44:10] XMD.INFO: cycle 4 without working. Sleeeping..... [] []
[2017-11-02 12:44:10] XMD.INFO: PUMPER CYCLE [] []
[2017-11-02 12:44:10] XMD.INFO: PUMPER CYCLE [] []
[2017-11-02 12:44:10] XMD.INFO: 0 nodes for pumping [] []
[2017-11-02 12:44:10] XMD.INFO: 0 nodes for pumping [] []
[2017-11-02 12:44:10] XMD.INFO: cycle 4 without working. Sleeeping..... [] []
[2017-11-02 12:44:10] XMD.INFO: PUMPER CYCLE [] []
[2017-11-02 12:44:10] XMD.INFO: cycle 4 without working. Sleeeping..... [] []
[2017-11-02 12:44:10] XMD.INFO: PUMPER CYCLE [] []
[2017-11-02 12:44:10] XMD.INFO: 0 nodes for pumping [] []
[2017-11-02 12:44:10] XMD.INFO: 0 nodes for pumping [] []
[2017-11-02 12:44:10] XMD.INFO: cycle 4 without working. Sleeeping..... [] []
[2017-11-02 12:44:10] XMD.INFO: PUMPER CYCLE [] []
[2017-11-02 12:44:10] XMD.INFO: 0 nodes for pumping [] []
[2017-11-02 12:44:10] XMD.INFO: cycle 4 without working. Sleeeping..... [] []
[2017-11-02 12:44:10] XMD.INFO: PUMPER CYCLE [] []
[2017-11-02 12:44:10] XMD.INFO: 0 nodes for pumping [] []
[2017-11-02 12:44:10] XMD.INFO: cycle 4 without working. Sleeeping..... [] []
[2017-11-02 12:44:10] XMD.INFO: PUMPER CYCLE [] []
[2017-11-02 12:44:10] XMD.INFO: 0 nodes for pumping [] []
[2017-11-02 12:44:11] XMD.INFO: cycle 5 without working. Sleeeping..... [] []
[2017-11-02 12:44:11] XMD.INFO: PUMPER CYCLE [] []
[2017-11-02 12:44:11] XMD.INFO: 0 nodes for pumping [] []
[2017-11-02 12:44:11] XMD.INFO: cycle 5 without working. Sleeeping..... [] []
[2017-11-02 12:44:11] XMD.INFO: PUMPER CYCLE [] []
[2017-11-02 12:44:11] XMD.INFO: 0 nodes for pumping [] []
[2017-11-02 12:44:12] XMD.INFO: cycle 5 without working. Sleeeping..... [] []
[2017-11-02 12:44:12] XMD.INFO: cycle 5 without working. Sleeeping..... [] []
[2017-11-02 12:44:12] XMD.INFO: PUMPER CYCLE [] []
[2017-11-02 12:44:12] XMD.INFO: PUMPER CYCLE [] []
[2017-11-02 12:44:12] XMD.INFO: 0 nodes for pumping [] []
[2017-11-02 12:44:12] XMD.INFO: 0 nodes for pumping [] []
[2017-11-02 12:44:12] XMD.INFO: cycle 5 without working. Sleeeping..... [] []
[2017-11-02 12:44:12] XMD.INFO: PUMPER CYCLE [] []
[2017-11-02 12:44:12] XMD.INFO: 0 nodes for pumping [] []
[2017-11-02 12:44:12] XMD.INFO: cycle 5 without working. Sleeeping..... [] []
[2017-11-02 12:44:12] XMD.INFO: PUMPER CYCLE [] []
[2017-11-02 12:44:12] XMD.INFO: cycle 5 without working. Sleeeping..... [] []
[2017-11-02 12:44:12] XMD.INFO: PUMPER CYCLE [] []
[2017-11-02 12:44:12] XMD.INFO: 0 nodes for pumping [] []
[2017-11-02 12:44:12] XMD.INFO: 0 nodes for pumping [] []
[2017-11-02 12:44:12] XMD.INFO: cycle 5 without working. Sleeeping..... [] []
[2017-11-02 12:44:12] XMD.INFO: PUMPER CYCLE [] []
[2017-11-02 12:44:12] XMD.INFO: cycle 5 without working. Sleeeping..... [] []
[2017-11-02 12:44:12] XMD.INFO: PUMPER CYCLE [] []
[2017-11-02 12:44:12] XMD.INFO: 0 nodes for pumping [] []
[2017-11-02 12:44:12] XMD.INFO: 0 nodes for pumping [] []
[2017-11-02 12:44:12] XMD.INFO: cycle 5 without working. Sleeeping..... [] []
[2017-11-02 12:44:12] XMD.INFO: PUMPER CYCLE [] []
[2017-11-02 12:44:12] XMD.INFO: 0 nodes for pumping [] []
[2017-11-02 12:44:12] XMD.INFO: cycle 5 without working. Sleeeping..... [] []
[2017-11-02 12:44:12] XMD.INFO: PUMPER CYCLE [] []
[2017-11-02 12:44:12] XMD.INFO: 0 nodes for pumping [] []
[2017-11-02 12:44:12] XMD.INFO: cycle 5 without working. Sleeeping..... [] []
[2017-11-02 12:44:12] XMD.INFO: PUMPER CYCLE [] []
[2017-11-02 12:44:12] XMD.INFO: 0 nodes for pumping [] []
[2017-11-02 12:44:13] XMD.INFO: cycle 6 without working. Sleeeping..... [] []
[2017-11-02 12:44:13] XMD.INFO: PUMPER CYCLE [] []
[2017-11-02 12:44:13] XMD.INFO: 0 nodes for pumping [] []
[2017-11-02 12:44:13] XMD.INFO: cycle 6 without working. Sleeeping..... [] []
[2017-11-02 12:44:13] XMD.INFO: PUMPER CYCLE [] []
[2017-11-02 12:44:13] XMD.INFO: 0 nodes for pumping [] []
[2017-11-02 12:44:14] XMD.INFO: cycle 6 without working. Sleeeping..... [] []
[2017-11-02 12:44:14] XMD.INFO: cycle 6 without working. Sleeeping..... [] []
[2017-11-02 12:44:14] XMD.INFO: PUMPER CYCLE [] []
[2017-11-02 12:44:14] XMD.INFO: PUMPER CYCLE [] []
[2017-11-02 12:44:14] XMD.INFO: 0 nodes for pumping [] []
[2017-11-02 12:44:14] XMD.INFO: 0 nodes for pumping [] []
[2017-11-02 12:44:14] XMD.INFO: cycle 6 without working. Sleeeping..... [] []
[2017-11-02 12:44:14] XMD.INFO: PUMPER CYCLE [] []
[2017-11-02 12:44:14] XMD.INFO: 0 nodes for pumping [] []
[2017-11-02 12:44:14] XMD.INFO: cycle 6 without working. Sleeeping..... [] []
[2017-11-02 12:44:14] XMD.INFO: cycle 6 without working. Sleeeping..... [] []
[2017-11-02 12:44:14] XMD.INFO: PUMPER CYCLE [] []
[2017-11-02 12:44:14] XMD.INFO: PUMPER CYCLE [] []
[2017-11-02 12:44:14] XMD.INFO: 0 nodes for pumping [] []
[2017-11-02 12:44:14] XMD.INFO: 0 nodes for pumping [] []
[2017-11-02 12:44:14] XMD.INFO: cycle 6 without working. Sleeeping..... [] []
[2017-11-02 12:44:14] XMD.INFO: PUMPER CYCLE [] []
[2017-11-02 12:44:14] XMD.INFO: cycle 6 without working. Sleeeping..... [] []
[2017-11-02 12:44:14] XMD.INFO: PUMPER CYCLE [] []
[2017-11-02 12:44:14] XMD.INFO: 0 nodes for pumping [] []
[2017-11-02 12:44:14] XMD.INFO: 0 nodes for pumping [] []
[2017-11-02 12:44:14] XMD.INFO: cycle 6 without working. Sleeeping..... [] []
[2017-11-02 12:44:14] XMD.INFO: PUMPER CYCLE [] []
[2017-11-02 12:44:14] XMD.INFO: 0 nodes for pumping [] []
[2017-11-02 12:44:14] XMD.INFO: cycle 6 without working. Sleeeping..... [] []
[2017-11-02 12:44:14] XMD.INFO: PUMPER CYCLE [] []
[2017-11-02 12:44:14] XMD.INFO: 0 nodes for pumping [] []
[2017-11-02 12:44:14] XMD.INFO: cycle 6 without working. Sleeeping..... [] []
[2017-11-02 12:44:14] XMD.INFO: PUMPER CYCLE [] []
[2017-11-02 12:44:14] XMD.INFO: 0 nodes for pumping [] []
[2017-11-02 12:44:15] XMD.INFO: cycle 7 without working. Sleeeping..... [] []
[2017-11-02 12:44:15] XMD.INFO: PUMPER CYCLE [] []
[2017-11-02 12:44:15] XMD.INFO: 0 nodes for pumping [] []
[2017-11-02 12:44:15] XMD.INFO: cycle 7 without working. Sleeeping..... [] []
[2017-11-02 12:44:15] XMD.INFO: PUMPER CYCLE [] []
[2017-11-02 12:44:15] XMD.INFO: 0 nodes for pumping [] []
[2017-11-02 12:44:16] XMD.INFO: cycle 7 without working. Sleeeping..... [] []
[2017-11-02 12:44:16] XMD.INFO: cycle 7 without working. Sleeeping..... [] []
[2017-11-02 12:44:16] XMD.INFO: PUMPER CYCLE [] []
[2017-11-02 12:44:16] XMD.INFO: PUMPER CYCLE [] []
[2017-11-02 12:44:16] XMD.INFO: 0 nodes for pumping [] []
[2017-11-02 12:44:16] XMD.INFO: 0 nodes for pumping [] []
[2017-11-02 12:44:16] XMD.INFO: cycle 7 without working. Sleeeping..... [] []
[2017-11-02 12:44:16] XMD.INFO: PUMPER CYCLE [] []
[2017-11-02 12:44:16] XMD.INFO: 0 nodes for pumping [] []
[2017-11-02 12:44:16] XMD.INFO: cycle 7 without working. Sleeeping..... [] []
[2017-11-02 12:44:16] XMD.INFO: PUMPER CYCLE [] []
[2017-11-02 12:44:16] XMD.INFO: cycle 7 without working. Sleeeping..... [] []
[2017-11-02 12:44:16] XMD.INFO: PUMPER CYCLE [] []
[2017-11-02 12:44:16] XMD.INFO: 0 nodes for pumping [] []
[2017-11-02 12:44:16] XMD.INFO: 0 nodes for pumping [] []
[2017-11-02 12:44:16] XMD.INFO: cycle 7 without working. Sleeeping..... [] []
[2017-11-02 12:44:16] XMD.INFO: cycle 7 without working. Sleeeping..... [] []
[2017-11-02 12:44:16] XMD.INFO: PUMPER CYCLE [] []
[2017-11-02 12:44:16] XMD.INFO: PUMPER CYCLE [] []
[2017-11-02 12:44:16] XMD.INFO: 0 nodes for pumping [] []
[2017-11-02 12:44:16] XMD.INFO: 0 nodes for pumping [] []
[2017-11-02 12:44:16] XMD.INFO: cycle 7 without working. Sleeeping..... [] []
[2017-11-02 12:44:16] XMD.INFO: PUMPER CYCLE [] []
[2017-11-02 12:44:16] XMD.INFO: 0 nodes for pumping [] []
[2017-11-02 12:44:16] XMD.INFO: cycle 7 without working. Sleeeping..... [] []
[2017-11-02 12:44:16] XMD.INFO: PUMPER CYCLE [] []
[2017-11-02 12:44:16] XMD.INFO: 0 nodes for pumping [] []
[2017-11-02 12:44:16] XMD.INFO: cycle 7 without working. Sleeeping..... [] []
[2017-11-02 12:44:16] XMD.INFO: PUMPER CYCLE [] []
[2017-11-02 12:44:16] XMD.INFO: 0 nodes for pumping [] []
[2017-11-02 12:44:17] XMD.INFO: cycle 8 without working. Sleeeping..... [] []
[2017-11-02 12:44:17] XMD.INFO: PUMPER CYCLE [] []
[2017-11-02 12:44:17] XMD.INFO: 0 nodes for pumping [] []
[2017-11-02 12:44:17] XMD.INFO: cycle 8 without working. Sleeeping..... [] []
[2017-11-02 12:44:17] XMD.INFO: PUMPER CYCLE [] []
[2017-11-02 12:44:17] XMD.INFO: 0 nodes for pumping [] []
[2017-11-02 12:44:18] XMD.INFO: cycle 8 without working. Sleeeping..... [] []
[2017-11-02 12:44:18] XMD.INFO: PUMPER CYCLE [] []
[2017-11-02 12:44:18] XMD.INFO: cycle 8 without working. Sleeeping..... [] []
[2017-11-02 12:44:18] XMD.INFO: PUMPER CYCLE [] []
[2017-11-02 12:44:18] XMD.INFO: 0 nodes for pumping [] []
[2017-11-02 12:44:18] XMD.INFO: 0 nodes for pumping [] []
[2017-11-02 12:44:18] XMD.INFO: cycle 8 without working. Sleeeping..... [] []
[2017-11-02 12:44:18] XMD.INFO: PUMPER CYCLE [] []
[2017-11-02 12:44:18] XMD.INFO: 0 nodes for pumping [] []
[2017-11-02 12:44:18] XMD.INFO: cycle 8 without working. Sleeeping..... [] []
[2017-11-02 12:44:18] XMD.INFO: PUMPER CYCLE [] []
[2017-11-02 12:44:18] XMD.INFO: cycle 8 without working. Sleeeping..... [] []
[2017-11-02 12:44:18] XMD.INFO: PUMPER CYCLE [] []
[2017-11-02 12:44:18] XMD.INFO: 0 nodes for pumping [] []
[2017-11-02 12:44:18] XMD.INFO: 0 nodes for pumping [] []
[2017-11-02 12:44:18] XMD.INFO: cycle 8 without working. Sleeeping..... [] []
[2017-11-02 12:44:18] XMD.INFO: cycle 8 without working. Sleeeping..... [] []
[2017-11-02 12:44:18] XMD.INFO: PUMPER CYCLE [] []
[2017-11-02 12:44:18] XMD.INFO: PUMPER CYCLE [] []
[2017-11-02 12:44:18] XMD.INFO: 0 nodes for pumping [] []
[2017-11-02 12:44:18] XMD.INFO: 0 nodes for pumping [] []
[2017-11-02 12:44:18] XMD.INFO: cycle 8 without working. Sleeeping..... [] []
[2017-11-02 12:44:18] XMD.INFO: PUMPER CYCLE [] []
[2017-11-02 12:44:18] XMD.INFO: 0 nodes for pumping [] []
[2017-11-02 12:44:18] XMD.INFO: cycle 8 without working. Sleeeping..... [] []
[2017-11-02 12:44:18] XMD.INFO: PUMPER CYCLE [] []
[2017-11-02 12:44:18] XMD.INFO: 0 nodes for pumping [] []
[2017-11-02 12:44:18] XMD.INFO: cycle 8 without working. Sleeeping..... [] []
[2017-11-02 12:44:18] XMD.INFO: PUMPER CYCLE [] []
[2017-11-02 12:44:18] XMD.INFO: 0 nodes for pumping [] []
[2017-11-02 12:44:19] XMD.INFO: cycle 9 without working. Sleeeping..... [] []
[2017-11-02 12:44:19] XMD.INFO: PUMPER CYCLE [] []
[2017-11-02 12:44:19] XMD.INFO: 0 nodes for pumping [] []
[2017-11-02 12:44:19] XMD.INFO: cycle 9 without working. Sleeeping..... [] []
[2017-11-02 12:44:19] XMD.INFO: PUMPER CYCLE [] []
[2017-11-02 12:44:19] XMD.INFO: 0 nodes for pumping [] []
[2017-11-02 12:44:20] XMD.INFO: cycle 9 without working. Sleeeping..... [] []
[2017-11-02 12:44:20] XMD.INFO: PUMPER CYCLE [] []
[2017-11-02 12:44:20] XMD.INFO: cycle 9 without working. Sleeeping..... [] []
[2017-11-02 12:44:20] XMD.INFO: PUMPER CYCLE [] []
[2017-11-02 12:44:20] XMD.INFO: 0 nodes for pumping [] []
[2017-11-02 12:44:20] XMD.INFO: 0 nodes for pumping [] []
[2017-11-02 12:44:20] XMD.INFO: cycle 9 without working. Sleeeping..... [] []
[2017-11-02 12:44:20] XMD.INFO: PUMPER CYCLE [] []
[2017-11-02 12:44:20] XMD.INFO: 0 nodes for pumping [] []
[2017-11-02 12:44:20] XMD.INFO: cycle 9 without working. Sleeeping..... [] []
[2017-11-02 12:44:20] XMD.INFO: PUMPER CYCLE [] []
[2017-11-02 12:44:20] XMD.INFO: cycle 9 without working. Sleeeping..... [] []
[2017-11-02 12:44:20] XMD.INFO: PUMPER CYCLE [] []
[2017-11-02 12:44:20] XMD.INFO: 0 nodes for pumping [] []
[2017-11-02 12:44:20] XMD.INFO: 0 nodes for pumping [] []
[2017-11-02 12:44:20] XMD.INFO: cycle 9 without working. Sleeeping..... [] []
[2017-11-02 12:44:20] XMD.INFO: PUMPER CYCLE [] []
[2017-11-02 12:44:20] XMD.INFO: cycle 9 without working. Sleeeping..... [] []
[2017-11-02 12:44:20] XMD.INFO: PUMPER CYCLE [] []
[2017-11-02 12:44:20] XMD.INFO: 0 nodes for pumping [] []
[2017-11-02 12:44:20] XMD.INFO: 0 nodes for pumping [] []
[2017-11-02 12:44:20] XMD.INFO: cycle 9 without working. Sleeeping..... [] []
[2017-11-02 12:44:20] XMD.INFO: PUMPER CYCLE [] []
[2017-11-02 12:44:20] XMD.INFO: 0 nodes for pumping [] []
[2017-11-02 12:44:20] XMD.INFO: cycle 9 without working. Sleeeping..... [] []
[2017-11-02 12:44:20] XMD.INFO: PUMPER CYCLE [] []
[2017-11-02 12:44:20] XMD.INFO: 0 nodes for pumping [] []
[2017-11-02 12:44:20] XMD.INFO: cycle 9 without working. Sleeeping..... [] []
[2017-11-02 12:44:20] XMD.INFO: PUMPER CYCLE [] []
[2017-11-02 12:44:20] XMD.INFO: 0 nodes for pumping [] []
[2017-11-02 12:44:21] XMD.INFO: cycle 10 without working. Sleeeping..... [] []
[2017-11-02 12:44:21] XMD.INFO: PUMPER CYCLE [] []
[2017-11-02 12:44:21] XMD.INFO: 0 nodes for pumping [] []
[2017-11-02 12:44:21] XMD.INFO: Max Cycle 11. Bye! [] []
[2017-11-02 12:44:21] XMD.INFO: cycle 10 without working. Sleeeping..... [] []
[2017-11-02 12:44:21] XMD.INFO: PUMPER CYCLE [] []
[2017-11-02 12:44:21] XMD.INFO: 0 nodes for pumping [] []
[2017-11-02 12:44:21] XMD.INFO: Max Cycle 11. Bye! [] []
[2017-11-02 12:44:22] XMD.INFO: cycle 10 without working. Sleeeping..... [] []
[2017-11-02 12:44:22] XMD.INFO: cycle 10 without working. Sleeeping..... [] []
[2017-11-02 12:44:22] XMD.INFO: PUMPER CYCLE [] []
[2017-11-02 12:44:22] XMD.INFO: PUMPER CYCLE [] []
[2017-11-02 12:44:22] XMD.INFO: 0 nodes for pumping [] []
[2017-11-02 12:44:22] XMD.INFO: 0 nodes for pumping [] []
[2017-11-02 12:44:22] XMD.INFO: Max Cycle 11. Bye! [] []
[2017-11-02 12:44:22] XMD.INFO: Max Cycle 11. Bye! [] []
[2017-11-02 12:44:22] XMD.INFO: cycle 10 without working. Sleeeping..... [] []
[2017-11-02 12:44:22] XMD.INFO: PUMPER CYCLE [] []
[2017-11-02 12:44:22] XMD.INFO: 0 nodes for pumping [] []
[2017-11-02 12:44:22] XMD.INFO: Max Cycle 11. Bye! [] []
[2017-11-02 12:44:22] XMD.INFO: cycle 10 without working. Sleeeping..... [] []
[2017-11-02 12:44:22] XMD.INFO: cycle 10 without working. Sleeeping..... [] []
[2017-11-02 12:44:22] XMD.INFO: PUMPER CYCLE [] []
[2017-11-02 12:44:22] XMD.INFO: PUMPER CYCLE [] []
[2017-11-02 12:44:22] XMD.INFO: 0 nodes for pumping [] []
[2017-11-02 12:44:22] XMD.INFO: Max Cycle 11. Bye! [] []
[2017-11-02 12:44:22] XMD.INFO: 0 nodes for pumping [] []
[2017-11-02 12:44:22] XMD.INFO: Max Cycle 11. Bye! [] []
[2017-11-02 12:44:22] XMD.INFO: cycle 10 without working. Sleeeping..... [] []
[2017-11-02 12:44:22] XMD.INFO: PUMPER CYCLE [] []
[2017-11-02 12:44:22] XMD.INFO: 0 nodes for pumping [] []
[2017-11-02 12:44:22] XMD.INFO: Max Cycle 11. Bye! [] []
[2017-11-02 12:44:22] XMD.INFO: cycle 10 without working. Sleeeping..... [] []
[2017-11-02 12:44:22] XMD.INFO: PUMPER CYCLE [] []
[2017-11-02 12:44:22] XMD.INFO: 0 nodes for pumping [] []
[2017-11-02 12:44:22] XMD.INFO: Max Cycle 11. Bye! [] []
[2017-11-02 12:44:22] XMD.INFO: cycle 10 without working. Sleeeping..... [] []
[2017-11-02 12:44:22] XMD.INFO: PUMPER CYCLE [] []
[2017-11-02 12:44:22] XMD.INFO: 0 nodes for pumping [] []
[2017-11-02 12:44:22] XMD.INFO: Max Cycle 11. Bye! [] []
[2017-11-02 12:44:22] XMD.INFO: cycle 10 without working. Sleeeping..... [] []
[2017-11-02 12:44:22] XMD.INFO: PUMPER CYCLE [] []
[2017-11-02 12:44:22] XMD.INFO: 0 nodes for pumping [] []
[2017-11-02 12:44:22] XMD.INFO: Max Cycle 11. Bye! [] []
[2017-11-02 12:44:22] XMD.INFO: cycle 10 without working. Sleeeping..... [] []
[2017-11-02 12:44:22] XMD.INFO: PUMPER CYCLE [] []
[2017-11-02 12:44:22] XMD.INFO: 0 nodes for pumping [] []
[2017-11-02 12:44:22] XMD.INFO: Max Cycle 11. Bye! [] []
[2017-11-02 12:45:01] XMD.ERROR: Can't connect to database at db:3306 (SQLSTATE[HY000] [2002] php_network_getaddresses: getaddrinfo failed: Name or service not known) [] []
[2017-11-02 12:45:01] XMD.ERROR: Can't connect to database at db:3306 (SQLSTATE[HY000] [2002] php_network_getaddresses: getaddrinfo failed: Name or service not known) [] []
[2017-11-02 12:46:01] XMD.ERROR: ximSYNC module is not active, you must run syncronizer module  [] []
[2017-11-02 12:47:01] XMD.ERROR: ximSYNC module is not active, you must run syncronizer module  [] []
[2017-11-02 12:48:01] XMD.ERROR: ximSYNC module is not active, you must run syncronizer module  [] []
[2017-11-02 12:49:01] XMD.ERROR: ximSYNC module is not active, you must run syncronizer module  [] []
[2017-11-02 12:50:01] XMD.ERROR: ximSYNC module is not active, you must run syncronizer module  [] []
[2017-11-02 12:51:01] XMD.ERROR: ximSYNC module is not active, you must run syncronizer module  [] []
